{"level":"info","message":"Connected to MongoDB"}
{"level":"info","message":"Connected to MongoDB"}
{"level":"info","message":"Server listening on port 7070"}
{"level":"info","message":"Connected to MongoDB"}
{"level":"info","message":"Server listening on port 7070"}
{"level":"info","message":"Connected to MongoDB"}
{"level":"info","message":"Server listening on port 7070"}
{"level":"info"}
{"level":"info","message":"Connected to MongoDB"}
{"level":"info","message":"Server listening on port 7070"}
{"level":"info"}
{"level":"info","message":"Connected to MongoDB"}
{"level":"info","message":"Server listening on port 7070"}
{"level":"info","message":"Connected to MongoDB"}
{"level":"info","message":"Server listening on port 7070"}
{"level":"info","message":"Server listening on port 7070"}
{"level":"info","message":"Connected to MongoDB"}
{"level":"info","message":"Server listening on port 7070"}
{"level":"info","message":"Connected to MongoDB"}
{"level":"info","message":"Server listening on port 7070"}
{"level":"info","message":"Connected to MongoDB"}
{"level":"info","message":"Server listening on port 7070"}
{"level":"info","message":"Connected to MongoDB"}
{"level":"info","message":"Server listening on port 7070"}
{"level":"info","message":"Server listening on port 7070"}
{"level":"info","message":"Connected to MongoDB"}
{"level":"info","message":"Server listening on port 7070"}
{"level":"info","message":"Connected to MongoDB"}
{"level":"info","message":"Server listening on port 7070"}
{"level":"info","message":"Connected to MongoDB"}
{"level":"info","message":"Server listening on port 7070"}
{"level":"info","message":"Connected to MongoDB"}
{"level":"info","message":"Server listening on port 7070"}
{"level":"info","message":"Connected to MongoDB"}
{"level":"info","message":"Server listening on port 7070"}
{"level":"info","message":"Connected to MongoDB"}
{"level":"info"}
{"level":"info","message":"Server listening on port 7070"}
{"level":"info","message":"Connected to MongoDB"}
{"level":"info"}
{"level":"info"}
{"level":"info","message":"Server listening on port 7070"}
{"level":"info","message":"Connected to MongoDB"}
{"level":"info","message":"Server listening on port 7070"}
{"level":"info","message":"Connected to MongoDB"}
{"level":"info","message":"Server listening on port 7070"}
{"level":"info","message":"Connected to MongoDB"}
{"level":"info","message":"Server listening on port 7070"}
{"level":"info","message":"Connected to MongoDB"}
{"level":"info","message":"Server listening on port 7070"}
{"level":"info","message":"Connected to MongoDB"}
{"level":"error","message":"No product found in request body."}
{"level":"info","message":"Server listening on port 7070"}
{"level":"info","message":"Connected to MongoDB"}
{"level":"error","message":"No product found in request body."}
{"level":"info","message":"Server listening on port 7070"}
{"level":"info","message":"Connected to MongoDB"}
{"level":"error","message":"No product found in request body."}
{"level":"info","message":"Server listening on port 7070"}
{"level":"info","message":"Connected to MongoDB"}
{"level":"info","message":"{\"name\":\"Agalloch - Sowilo Rune\",\"quantity\":625,\"date\":\"2025-04-24T21:37:39.000Z\",\"description\":\"Folk.\",\"email\":\"agalloch@mantle.com\",\"id\":18}"}
{"level":"info","message":"Server listening on port 7070"}
{"level":"info","message":"Connected to MongoDB"}
{"level":"info","message":"{\"name\":\"Agalloch - Sowilo Rune\",\"quantity\":625,\"date\":\"2025-04-24T21:37:39.000Z\",\"description\":\"Folk.\",\"email\":\"agalloch@mantle.com\",\"id\":18}"}
{"level":"info","message":"{\"name\":\"Agalloch - Sowilo Rune\",\"quantity\":625,\"date\":\"2025-04-24T21:37:39.000Z\",\"description\":\"Folk.\",\"email\":\"agalloch@mantle.com\",\"id\":18}"}
{"level":"info","message":"Server listening on port 7070"}
{"level":"info","message":"Connected to MongoDB"}
{"level":"info","message":"{\"name\":\"Agalloch - Sowilo Rune\",\"quantity\":625,\"date\":\"2025-04-24T21:37:39.000Z\",\"description\":\"Folk.\",\"email\":\"agalloch@mantle.com\",\"id\":18}"}
{"level":"info","message":"{\"name\":\"Agalloch - Sowilo Rune\",\"quantity\":625,\"date\":\"2025-04-24T21:37:39.000Z\",\"description\":\"Folk.\",\"email\":\"agalloch@mantle.com\",\"id\":18}"}
{"level":"info","message":"Server listening on port 7070"}
{"level":"info","message":"Connected to MongoDB"}
{"level":"info","message":"Server listening on port 7070"}
{"level":"info","message":"Connected to MongoDB"}
{"level":"info","message":"{\"name\":\"Agalloch - Sowilo Rune\",\"quantity\":625,\"date\":\"2025-04-24T21:37:39.000Z\",\"description\":\"Folk.\",\"email\":\"agalloch@mantle.com\",\"id\":18}"}
{"level":"info","message":"Server listening on port 7070"}
{"level":"info","message":"Connected to MongoDB"}
{"level":"info","message":"{\"name\":\"Agalloch - Sowilo Rune\",\"quantity\":625,\"date\":\"2025-04-24T21:37:39.000Z\",\"description\":\"Folk.\",\"email\":\"agalloch@mantle.com\",\"id\":18}"}
{"level":"info","message":"Server listening on port 7070"}
{"level":"info","message":"Connected to MongoDB"}
{"level":"info","message":"{\"name\":\"Agalloch - Sowilo Rune\",\"quantity\":625,\"date\":\"2025-04-24T21:37:39.000Z\",\"description\":\"Folk.\",\"email\":\"agalloch@mantle.com\",\"id\":18}"}
{"level":"info","message":"Server listening on port 7070"}
{"level":"info","message":"Connected to MongoDB"}
{"level":"info","message":"Server listening on port 7070"}
{"level":"info","message":"Connected to MongoDB"}
{"level":"info","message":"{\"name\":\"Agalloch - Sowilo Rune\",\"quantity\":625,\"date\":\"2025-04-24T21:37:39.000Z\",\"description\":\"Folk.\",\"email\":\"agalloch@mantle.com\",\"id\":18}"}
{"level":"info","message":"Server listening on port 7070"}
{"code":"ECONNREFUSED","hostname":"_mongodb._tcp.webapp.y2yg8ui.mongodb.net","level":"error","syscall":"querySrv"}
{"level":"info","message":"Server listening on port 7070"}
{"code":"ECONNREFUSED","hostname":"_mongodb._tcp.webapp.y2yg8ui.mongodb.net","level":"error","syscall":"querySrv"}
{"level":"info","message":"Server listening on port 7070"}
{"level":"info","message":"Connected to MongoDB"}
{"level":"info","message":"Server listening on port 7070"}
{"level":"info","message":"Connected to MongoDB"}
{"level":"info","message":"Server listening on port 7070"}
{"level":"info","message":"Connected to MongoDB"}
{"level":"info","message":"Server listening on port 7070"}
{"level":"info","message":"Connected to MongoDB"}
{"level":"info","message":"Server listening on port 7070"}
{"level":"info","message":"Connected to MongoDB"}
{"level":"info","message":"Server listening on port 7070"}
{"level":"info","message":"Connected to MongoDB"}
{"level":"info","message":"Server listening on port 7070"}
{"level":"info","message":"Connected to MongoDB"}
{"level":"info","message":"Server listening on port 7070"}
{"level":"info","message":"Connected to MongoDB"}
{"level":"info","message":"Server listening on port 7070"}
{"level":"info","message":"Server listening on port 7070"}
{"level":"info","message":"Connected to MongoDB"}
{"level":"info","message":"Server listening on port 7070"}
{"level":"info","message":"Connected to MongoDB"}
{"level":"info","message":"Server listening on port 7070"}
{"level":"info","message":"Connected to MongoDB"}
{"level":"info","message":"Server listening on port 7070"}
{"level":"info","message":"Connected to MongoDB"}
{"level":"info","message":"Server listening on port 7070"}
{"level":"info","message":"Connected to MongoDB"}
{"level":"info","message":"Server listening on port 7070"}
{"level":"info","message":"Connected to MongoDB"}
{"level":"info","message":"Server listening on port 7070"}
{"level":"info","message":"Connected to MongoDB"}
{"level":"info","message":"Server listening on port 7070"}
{"level":"info","message":"Connected to MongoDB"}
{"level":"info","message":"Server listening on port 7070"}
{"level":"info","message":"Server listening on port 7070"}
{"level":"info","message":"Server listening on port 7070"}
{"level":"info","message":"Server listening on port 7070"}
{"level":"info","message":"Server listening on port 7070"}
{"level":"info","message":"Server listening on port 7070"}
{"level":"info","message":"Connected to MongoDB"}
{"level":"info","message":"Server listening on port 7070"}
{"level":"info","message":"Connected to MongoDB"}
{"level":"info","message":"Server listening on port 7070"}
{"level":"info","message":"Connected to MongoDB"}
{"level":"info","message":"Server listening on port 7070"}
{"level":"info","message":"Connected to MongoDB"}
{"level":"info","message":"Server listening on port 7070"}
{"level":"info","message":"Connected to MongoDB"}
{"level":"info","message":"{\"name\":\"Agalloch - Sowilo Rune\",\"quantity\":625,\"date\":\"2025-04-24T21:37:39.000Z\",\"description\":\"Folk.\",\"email\":\"agalloch@mantle.com\",\"id\":18}"}
{"level":"info","message":"Server listening on port 7070"}
{"level":"info","message":"Connected to MongoDB"}
{"level":"info","message":"Server listening on port 7070"}
{"level":"info","message":"Connected to MongoDB"}
{"level":"info","message":"Server listening on port 7070"}
{"level":"info","message":"Server listening on port 7070"}
{"level":"info","message":"Connected to MongoDB"}
{"level":"info","message":"{\"name\":\"Agalloch - Sowilo Rune\",\"quantity\":625,\"date\":\"2025-04-24T21:37:39.000Z\",\"description\":\"Folk.\",\"email\":\"agalloch@mantle.com\",\"id\":18}"}
{"level":"info","message":"Server listening on port 7070"}
{"level":"info","message":"Connected to MongoDB"}
{"level":"info","message":"Server listening on port 7070"}
{"level":"info","message":"Connected to MongoDB"}
{"level":"info","message":"{\"name\":\"Agalloch - Sowilo Rune\",\"quantity\":625,\"date\":\"2025-04-24T21:37:39.000Z\",\"description\":\"Folk.\",\"email\":\"agalloch@mantle.com\",\"id\":18}"}
